<?xml version="1.0" encoding="UTF-8"?>
<testng-results skipped="0" failed="0" total="2" passed="2">
  <reporter-output>
  </reporter-output>
  <suite name="Default suite" duration-ms="784" started-at="2016-02-18T12:03:33Z" finished-at="2016-02-18T12:03:34Z">
    <groups>
    </groups>
    <test name="Default test" duration-ms="784" started-at="2016-02-18T12:03:33Z" finished-at="2016-02-18T12:03:34Z">
      <class name="org.java.programs.ExcelFileRead">
        <test-method status="PASS" signature="testcase1(java.lang.String, java.lang.String)[pri:0, instance:org.java.programs.ExcelFileRead@2d6e8792]" name="testcase1" duration-ms="8" started-at="2016-02-18T17:33:34Z" data-provider="data" finished-at="2016-02-18T17:33:34Z">
          <params>
            <param index="0">
              <value>
                <![CDATA[abc]]>
              </value>
            </param>
            <param index="1">
              <value>
                <![CDATA[bcd]]>
              </value>
            </param>
          </params>
          <reporter-output>
          </reporter-output>
        </test-method> <!-- testcase1 -->
        <test-method status="PASS" signature="testcase1(java.lang.String, java.lang.String)[pri:0, instance:org.java.programs.ExcelFileRead@2d6e8792]" name="testcase1" duration-ms="1" started-at="2016-02-18T17:33:34Z" data-provider="data" finished-at="2016-02-18T17:33:34Z">
          <params>
            <param index="0">
              <value>
                <![CDATA[123]]>
              </value>
            </param>
            <param index="1">
              <value>
                <![CDATA[456]]>
              </value>
            </param>
          </params>
          <reporter-output>
          </reporter-output>
        </test-method> <!-- testcase1 -->
      </class> <!-- org.java.programs.ExcelFileRead -->
    </test> <!-- Default test -->
  </suite> <!-- Default suite -->
</testng-results>
