<?xml version="1.0" encoding="UTF-8"?>
<!-- Generated by org.testng.reporters.JUnitXMLReporter -->
<testsuite hostname="sbheemireddy-PC" name="Regression 1" tests="4" failures="0" timestamp="10 Feb 2015 05:15:36 GMT" time="41.338" errors="0">
  <testcase name="method2" time="7.975" classname="selenium.example.TestCode2"/>
  <testcase name="method1" time="21.331" classname="selenium.example.TestCode2"/>
  <testcase name="method4" time="18.882" classname="selenium.example.TestCode2"/>
  <testcase name="method3" time="33.125" classname="selenium.example.TestCode2"/>
</testsuite> <!-- Regression 1 -->
