<?xml version="1.0" encoding="UTF-8"?>
<!-- Generated by org.testng.reporters.JUnitXMLReporter -->
<testsuite hostname="sbheemireddy-PC" name="Sample test" tests="3" failures="0" timestamp="9 Feb 2015 06:19:29 GMT" time="0.065" errors="0">
  <testcase name="method1" time="0.01" classname="selenium.example.TestCode1"/>
  <testcase name="method1" time="0.002" classname="selenium.example.TestCode2"/>
  <testcase name="method11" time="0.002" classname="selenium.example.TestCode2"/>
</testsuite> <!-- Sample test -->
